<?xml version="1.0" encoding="UTF-8"?>
<testng-results skipped="0" failed="0" ignored="0" total="1" passed="1">
  <reporter-output>
  </reporter-output>
  <suite name="Default suite" duration-ms="26" started-at="2020-04-10T16:09:57Z" finished-at="2020-04-10T16:09:57Z">
    <groups>
    </groups>
    <test name="Default test" duration-ms="26" started-at="2020-04-10T16:09:57Z" finished-at="2020-04-10T16:09:57Z">
      <class name="Adminui.Adminui.Test_czentrix">
        <test-method status="PASS" signature="before()[pri:0, instance:Adminui.Adminui.Test_czentrix@319b92f3]" name="before" is-config="true" duration-ms="6" started-at="2020-04-10T16:09:57Z" finished-at="2020-04-10T16:09:57Z">
          <reporter-output>
          </reporter-output>
        </test-method> <!-- before -->
        <test-method status="PASS" signature="license()[pri:0, instance:Adminui.Adminui.Test_czentrix@319b92f3]" name="license" duration-ms="4" started-at="2020-04-10T16:09:57Z" finished-at="2020-04-10T16:09:57Z">
          <reporter-output>
          </reporter-output>
        </test-method> <!-- license -->
      </class> <!-- Adminui.Adminui.Test_czentrix -->
    </test> <!-- Default test -->
  </suite> <!-- Default suite -->
</testng-results>
